<?xml version="1.0" encoding="UTF-8"?>
<testsuite xmlns:xsi="http://www.w3.org/2001/XMLSchema-instance" xsi:noNamespaceSchemaLocation="https://maven.apache.org/surefire/maven-surefire-plugin/xsd/surefire-test-report-3.0.xsd" version="3.0" name="api_tests.apiTests" time="2.993" tests="3" errors="0" skipped="0" failures="0">
  <properties>
[...]
</properties>
  <testcase name="putSuccessful" classname="api_tests.apiTests" time="1.781">
    <system-out><![CDATA[HTTP/1.1 200 OK
Date: Thu, 04 Apr 2024 01:33:08 GMT
Content-Type: application/json; charset=utf-8
Transfer-Encoding: chunked
Connection: keep-alive
Report-To: {"group":"heroku-nel","max_age":3600,"endpoints":[{"url":"https://nel.heroku.com/reports?ts=1712194388&sid=e11707d5-02a7-43ef-b45e-2cf4d2036f7d&s=mLyzoT3QxSDoPFIbn%2FD2H4B3ZpSdIYekvZ%2Bt9VMT%2F4s%3D"}]}
Reporting-Endpoints: heroku-nel=https://nel.heroku.com/reports?ts=1712194388&sid=e11707d5-02a7-43ef-b45e-2cf4d2036f7d&s=mLyzoT3QxSDoPFIbn%2FD2H4B3ZpSdIYekvZ%2Bt9VMT%2F4s%3D
Nel: {"report_to":"heroku-nel","max_age":3600,"success_fraction":0.005,"failure_fraction":0.05,"response_headers":["Via"]}
X-Powered-By: Express
X-Ratelimit-Limit: 1000
X-Ratelimit-Remaining: 999
X-Ratelimit-Reset: 1712194403
Vary: Origin, Accept-Encoding
Access-Control-Allow-Credentials: true
Cache-Control: no-cache
Pragma: no-cache
Expires: -1
X-Content-Type-Options: nosniff
Etag: W/"4e-LBmW06hbdiGasAoniI5y87RGFFo"
Via: 1.1 vegur
CF-Cache-Status: DYNAMIC
Server: cloudflare
CF-RAY: 86ed8c6dea16a6c1-GRU
Content-Encoding: gzip
alt-svc: h3=":443"; ma=86400

{
    "title": "automation test QA",
    "body": "automation test QA",
    "id": 1
}
]]></system-out>
    <system-err><![CDATA[SLF4J: Failed to load class "org.slf4j.impl.StaticLoggerBinder".
SLF4J: Defaulting to no-operation (NOP) logger implementation
SLF4J: See http://www.slf4j.org/codes.html#StaticLoggerBinder for further details.
]]></system-err>
  </testcase>
  <testcase name="postWithSucess" classname="api_tests.apiTests" time="0.728">
    <system-out><![CDATA[HTTP/1.1 201 Created
Date: Thu, 04 Apr 2024 01:33:09 GMT
Content-Type: application/json; charset=utf-8
Content-Length: 74
Connection: keep-alive
Report-To: {"group":"heroku-nel","max_age":3600,"endpoints":[{"url":"https://nel.heroku.com/reports?ts=1712194389&sid=e11707d5-02a7-43ef-b45e-2cf4d2036f7d&s=s4ZhOTDmNEEaZJpBCrArxz5NQiHaUQHIRtfgI1Xfjdg%3D"}]}
Reporting-Endpoints: heroku-nel=https://nel.heroku.com/reports?ts=1712194389&sid=e11707d5-02a7-43ef-b45e-2cf4d2036f7d&s=s4ZhOTDmNEEaZJpBCrArxz5NQiHaUQHIRtfgI1Xfjdg%3D
Nel: {"report_to":"heroku-nel","max_age":3600,"success_fraction":0.005,"failure_fraction":0.05,"response_headers":["Via"]}
X-Powered-By: Express
X-Ratelimit-Limit: 1000
X-Ratelimit-Remaining: 998
X-Ratelimit-Reset: 1712194403
Vary: Origin, X-HTTP-Method-Override, Accept-Encoding
Access-Control-Allow-Credentials: true
Cache-Control: no-cache
Pragma: no-cache
Expires: -1
Access-Control-Expose-Headers: Location
Location: https://jsonplaceholder.typicode.com/posts/101
X-Content-Type-Options: nosniff
Etag: W/"4a-UzgwLFsjaGf8MUxs/ts8IU1FM/Y"
Via: 1.1 vegur
CF-Cache-Status: DYNAMIC
Server: cloudflare
CF-RAY: 86ed8c720eaea49e-GRU
alt-svc: h3=":443"; ma=86400

{
    "title": "automation test",
    "body": "automation test",
    "id": 101
}
]]></system-out>
  </testcase>
  <testcase name="getWithSucess" classname="api_tests.apiTests" time="0.43"/>
</testsuite>